<?xml version="1.0" encoding="UTF-8"?>
<testsuite name="WebsiteMonitorTest" tests="7" skipped="0" failures="0" errors="0" timestamp="2021-06-04T14:55:00" hostname="C02VR19DHTD8" time="0.98">
  <properties/>
  <testcase name="testGetWebResponseReturnsSomeText()" classname="WebsiteMonitorTest" time="0.602"/>
  <testcase name="testValidateResponseMatchesRegex()" classname="WebsiteMonitorTest" time="0.116"/>
  <testcase name="testGetListOfWebsites()" classname="WebsiteMonitorTest" time="0.04"/>
  <testcase name="testGetCheckPeriodSeconds()" classname="WebsiteMonitorTest" time="0.002"/>
  <testcase name="testValidateResponseDoesNotMatchRegex()" classname="WebsiteMonitorTest" time="0.092"/>
  <testcase name="testReadJsonConfigurationFromFile$website_monitor()" classname="WebsiteMonitorTest" time="0.001"/>
  <testcase name="testValidateSuccessStatusCode()" classname="WebsiteMonitorTest" time="0.121"/>
  <system-out><![CDATA[Fri Jun 04 15:55:01 BST 2021 : SUCCESS: https://www.google.com matches regex '<title>Google</title>'
Fri Jun 04 15:55:01 BST 2021 : ERROR: https://www.google.com does not match regex '<title>Googly</title>'
Fri Jun 04 15:55:01 BST 2021 : SUCCESS: https://www.google.com request time: 119 ms
]]></system-out>
  <system-err><![CDATA[[2021.06.04 15:55:00] (Coverage): Error during class instrumentation: kotlin.collections.MapsKt___MapsKt: java.lang.StringIndexOutOfBoundsException: begin 0, end -1, length 14
[2021.06.04 15:55:00] (Coverage): Error during class instrumentation: kotlin.collections.MapsKt__MapsKt: java.lang.StringIndexOutOfBoundsException: begin 0, end -1, length 14
[2021.06.04 15:55:00] (Coverage): Error during class instrumentation: kotlin.collections.MapsKt__MapWithDefaultKt: java.lang.StringIndexOutOfBoundsException: begin 0, end -1, length 14
[2021.06.04 15:55:00] (Coverage): Error during class instrumentation: kotlin.collections.CollectionsKt___CollectionsKt: java.lang.StringIndexOutOfBoundsException: begin 0, end -1, length 14
[2021.06.04 15:55:00] (Coverage): Error during class instrumentation: kotlin.collections.ArrayAsCollection: java.lang.StringIndexOutOfBoundsException: begin 0, end -1, length 14
[2021.06.04 15:55:01] (Coverage): Error during class instrumentation: kotlin.collections.SetsKt___SetsKt: java.lang.StringIndexOutOfBoundsException: begin 0, end -1, length 14
[2021.06.04 15:55:01] (Coverage): Error during class instrumentation: kotlin.collections.ArraysKt___ArraysKt: java.lang.StringIndexOutOfBoundsException: begin 0, end -1, length 14
[2021.06.04 15:55:01] (Coverage): Error during class instrumentation: kotlin.text.StringsKt___StringsKt: java.lang.StringIndexOutOfBoundsException: begin 0, end -1, length 14
[2021.06.04 15:55:01] (Coverage): Error during class instrumentation: kotlin.text.StringsKt__StringsKt: java.lang.StringIndexOutOfBoundsException: begin 0, end -1, length 14
[2021.06.04 15:55:01] (Coverage): Error during class instrumentation: kotlin.text.StringsKt__StringsJVMKt: java.lang.StringIndexOutOfBoundsException: begin 0, end -1, length 14
[2021.06.04 15:55:01] (Coverage): Error during class instrumentation: kotlin.text.StringsKt__StringNumberConversionsJVMKt: java.lang.StringIndexOutOfBoundsException: begin 0, end -1, length 14
[2021.06.04 15:55:01] (Coverage): Error during class instrumentation: kotlin.text.StringsKt__IndentKt: java.lang.StringIndexOutOfBoundsException: begin 0, end -1, length 14
[2021.06.04 15:55:01] (Coverage): Error during class instrumentation: kotlin.sequences.SequencesKt___SequencesKt: java.lang.StringIndexOutOfBoundsException: begin 0, end -1, length 14
[2021.06.04 15:55:01] (Coverage): Error during class instrumentation: kotlin.io.FilesKt__UtilsKt: java.lang.StringIndexOutOfBoundsException: begin 0, end -1, length 14
[2021.06.04 15:55:01] (Coverage): Error during class instrumentation: kotlin.io.FilesKt__FilePathComponentsKt: java.lang.StringIndexOutOfBoundsException: begin 0, end -1, length 14
[2021.06.04 15:55:01] (Coverage): Error during class instrumentation: kotlin.io.TextStreamsKt: java.lang.StringIndexOutOfBoundsException: begin 0, end -1, length 14
]]></system-err>
</testsuite>
